<?xml version="1.0" encoding="UTF-8"?>
<testng-results skipped="0" failed="0" ignored="0" total="1" passed="1">
  <reporter-output>
  </reporter-output>
  <suite name="Default suite" duration-ms="16420" started-at="2019-01-29T06:48:42Z" finished-at="2019-01-29T06:48:58Z">
    <groups>
    </groups>
    <test name="Default test" duration-ms="16420" started-at="2019-01-29T06:48:42Z" finished-at="2019-01-29T06:48:58Z">
      <class name="jenkinpackage.DoubleClick">
        <test-method status="PASS" signature="browserlaunch()[pri:0, instance:jenkinpackage.DoubleClick@62ee68d8]" name="browserlaunch" is-config="true" duration-ms="14094" started-at="2019-01-29T06:48:42Z" finished-at="2019-01-29T06:48:56Z">
          <reporter-output>
          </reporter-output>
        </test-method> <!-- browserlaunch -->
        <test-method status="PASS" signature="doubleclick()[pri:0, instance:jenkinpackage.DoubleClick@62ee68d8]" name="doubleclick" duration-ms="194" started-at="2019-01-29T06:48:56Z" finished-at="2019-01-29T06:48:56Z">
          <reporter-output>
          </reporter-output>
        </test-method> <!-- doubleclick -->
        <test-method status="PASS" signature="browserexit()[pri:0, instance:jenkinpackage.DoubleClick@62ee68d8]" name="browserexit" is-config="true" duration-ms="2103" started-at="2019-01-29T06:48:56Z" finished-at="2019-01-29T06:48:58Z">
          <reporter-output>
          </reporter-output>
        </test-method> <!-- browserexit -->
      </class> <!-- jenkinpackage.DoubleClick -->
    </test> <!-- Default test -->
  </suite> <!-- Default suite -->
</testng-results>
